A51 MACRO ASSEMBLER  LAB6_2                                                               06/24/2017 09:06:35 PAGE     1


MACRO ASSEMBLER A51 V8.2.5.0
OBJECT MODULE PLACED IN .\Objects\LAB6-2.obj
ASSEMBLER INVOKED BY: C:\Keil_v5\C51\BIN\A51.EXE LAB6-2.asm SET(SMALL) DEBUG PRINT(.\Listings\LAB6-2.lst) OBJECT(.\Objec
                      ts\LAB6-2.obj) EP

LOC  OBJ            LINE     SOURCE

  0000                 1     reset           equ   0h                                                                ;en
                             dereço do início do programa

  001B                 2     ltmr1           equ   1bh                                                               ;lo
                             cal do tratador de timer1

  0020                 3     state       equ   20h                                                           ;endereço d
                             e variável de teste

                       4     

0000                   5                         org   reset                                                         ;PC
                             =0 depois de reset

0000 8023              6                             jmp   inicio                                                    ;va
                             i para o início do programa

                       7                             

001B                   8                             org   ltmr1                                                        
                                  ;faz a leitura do endereço do tratador do tmr1

001B 758DEC            9                             mov   th1,  #0ech                                               ;re
                             carrega th1 com seu valor desejado #0ech

001E 758B00           10                             mov   tl1,  #00h                                                ;re
                             carrega tl1 com seu valor desejado #00h

0021 752001           11                             mov   state,#1h                                                 ;se
                             ta a variável de teste para sair do ciclo

0024 32               12                             reti

                      13     

0025 75A888           14     inicio:         mov             ie,#10001000b                                   ;habilita t
                             mr1 

0028 758900           15                             mov     tmod,#00h                               ;define modo 0 para
                              tmr1

002B 758DEC           16                             mov     th1,#0ech                                               ;se
                             ta th1 no começo do programa

002E 758B00           17                             mov     tl1,#00h                                                ;se
                             ta tl1 para fazer a primeira contagem

                      18                             

                      19                             ;MODO 0: os valores de th0 e tl0 são definidos da seguinte forma: d
                             eseja-se que a interrupção do timer seja solicitada

                      20                             ;em intervalos de 640 ciclos de instrução. th1 aumenta cada vez oco
                             rre overflow nos 5 LSB do tl1, o que é equivalente à 

                      21                             ;ocorrência de 32 ciclos de instrução. Desejamos 640 ciclos, como 6
                             40/32 = 20, é preciso que o th1 seja incrementado 20

                      22                             ;vezes, (#ffh = #255b) então th1 = #255d-#19d = #236d = #0ech = th1
                             , sendo th1 = 0 para começar a contagem. 

                      23                             

0031 752000           24                             mov     state,#0h                                               ;de
                             fine variável de teste com sendo 0

0034 7820             25                             mov     r0,#state                                               ;sa
                             lva o endereço da variável em r0

0036 90004F           26                             mov     dptr,#tabela                                    ;salva no d
                             ptr o endereço das infos da tabela

0039 7900             27                             mov     r1,#0                                                   ;r1
                              será usado como teste para saber se já foram os 16 caracteres

003B D28E             28                             setb    tr1                                                        
                                  ;inicia a contagem

                      29                                     

003D B601FD           30     volta:          cjne    @r0,#1,volta                                    ;fica preo até acab
                             ar a contagem e chamar a interrupção

                      31     

0040 752000           32                             mov     state,#0h                                               ;re
                             cupera valor de state

0043 E9               33                             mov     a,r1                                                    ;de
A51 MACRO ASSEMBLER  LAB6_2                                                               06/24/2017 09:06:35 PAGE     2

                             fine qual o caracter a ser jogado em p1

0044 93               34                             movc    a,@a+dptr                                               ;sa
                             lva em A o valor do caracter da vez

0045 F590             35                             mov     p1,a                                                    ;jo
                             ga em p1

0047 09               36                             inc     r1                                                         
                                  ;incrementa r1 para que da próxima busque-se o caracter seguinte

0048 B910F2           37                             cjne    r1,#16,volta                                    ;testa se j
                             á não foram os 16 caracteres

004B C28E             38                             clr     tr1                                                        
                                  ;se já tiver terminado ele para de contar

004D 80FE             39                             jmp     $                                                          
                                  ; e fica aqui de buenas

                      40                             

004F 4D696372         41     tabela:         db 'Microcontrolador'                                   ;caracteres a serem
                              jogados em p1

0053 6F636F6E                
0057 74726F6C                
005B 61646F72                
                      42     

                      43                             end 

A51 MACRO ASSEMBLER  LAB6_2                                                               06/24/2017 09:06:35 PAGE     3

SYMBOL TABLE LISTING
------ ----- -------


N A M E             T Y P E  V A L U E   ATTRIBUTES

IE . . . . . . . .  D ADDR   00A8H   A   
INICIO . . . . . .  C ADDR   0025H   A   
LTMR1. . . . . . .  N NUMB   001BH   A   
P1 . . . . . . . .  D ADDR   0090H   A   
RESET. . . . . . .  N NUMB   0000H   A   
STATE. . . . . . .  N NUMB   0020H   A   
TABELA . . . . . .  C ADDR   004FH   A   
TH1. . . . . . . .  D ADDR   008DH   A   
TL1. . . . . . . .  D ADDR   008BH   A   
TMOD . . . . . . .  D ADDR   0089H   A   
TR1. . . . . . . .  B ADDR   0088H.6 A   
VOLTA. . . . . . .  C ADDR   003DH   A   


REGISTER BANK(S) USED: 0 


ASSEMBLY COMPLETE.  0 WARNING(S), 0 ERROR(S)
